<?xml version="1.0" encoding="UTF-8"?>
<!-- Generated by org.testng.reporters.JUnitReportReporter -->
<testsuite hostname="DESKTOP-MI5Q195" failures="0" tests="1" name="testcases.SignupTestCases" time="20.263" errors="0" timestamp="2023-07-15T16:45:30 IST" skipped="0">
  <testcase classname="testcases.SignupTestCases" name="verifySignup" time="20.263"/>
</testsuite> <!-- testcases.SignupTestCases -->
