<?xml version="1.0" encoding="UTF-8"?>
<!-- Generated by org.testng.reporters.JUnitReportReporter -->
<testsuite hostname="DESKTOP-MI5Q195" failures="0" tests="3" name="testcases.LoginTestCase" time="15.200" errors="0" timestamp="2023-07-15T16:45:30 IST" skipped="0">
  <testcase classname="testcases.LoginTestCase" name="verifyLogin" time="4.709"/>
  <testcase classname="testcases.LoginTestCase" name="verifyLogin" time="5.477"/>
  <testcase classname="testcases.LoginTestCase" name="verifyLogin" time="5.014"/>
</testsuite> <!-- testcases.LoginTestCase -->
